<?xml version="1.0" encoding="UTF-8"?>
<!-- Generated by org.testng.reporters.JUnitReportReporter -->
<testsuite skipped="0" hostname="INE220129" name="com.airasia.Runner.TestRunner" tests="1" failures="0" timestamp="2019-11-29T16:56:01 IST" time="22.074" errors="0">
  <testcase name="feature" time="22.074" classname="com.airasia.Runner.TestRunner"/>
</testsuite> <!-- com.airasia.Runner.TestRunner -->
