<?xml version="1.0" encoding="UTF-8"?>
<!-- Generated by org.testng.reporters.JUnitReportReporter -->
<testsuite skipped="0" hostname="INE220129" name="com.airasia.Runner.TestRunner" tests="1" failures="0" timestamp="2019-11-29T16:08:54 IST" time="15.237" errors="0">
  <testcase name="feature" time="15.237" classname="com.airasia.Runner.TestRunner"/>
</testsuite> <!-- com.airasia.Runner.TestRunner -->
